  Address.cpp
c:\users\tisco\onedrive\ambiente de trabalho\projeto 2 prog\agency template all\address.cpp(65): error C2659: '=': function as left operand
  Agency.cpp
c:\users\tisco\onedrive\ambiente de trabalho\projeto 2 prog\agency template all\agency.cpp(82): error C2679: binary '<<': no operator found which takes a right-hand operand of type 'const std::vector<Client,std::allocator<_Ty>>' (or there is no acceptable conversion)
          with
          [
              _Ty=Client
          ]
  c:\program files (x86)\microsoft visual studio\2017\professional\vc\tools\msvc\14.16.27023\include\ostream(508): note: could be 'std::basic_ostream<char,std::char_traits<char>> &std::basic_ostream<char,std::char_traits<char>>::operator <<(std::basic_streambuf<char,std::char_traits<char>> *)'
  c:\program files (x86)\microsoft visual studio\2017\professional\vc\tools\msvc\14.16.27023\include\ostream(480): note: or       'std::basic_ostream<char,std::char_traits<char>> &std::basic_ostream<char,std::char_traits<char>>::operator <<(const void *)'
  c:\program files (x86)\microsoft visual studio\2017\professional\vc\tools\msvc\14.16.27023\include\ostream(460): note: or       'std::basic_ostream<char,std::char_traits<char>> &std::basic_ostream<char,std::char_traits<char>>::operator <<(long double)'
  c:\program files (x86)\microsoft visual studio\2017\professional\vc\tools\msvc\14.16.27023\include\ostream(440): note: or       'std::basic_ostream<char,std::char_traits<char>> &std::basic_ostream<char,std::char_traits<char>>::operator <<(double)'
  c:\program files (x86)\microsoft visual studio\2017\professional\vc\tools\msvc\14.16.27023\include\ostream(420): note: or       'std::basic_ostream<char,std::char_traits<char>> &std::basic_ostream<char,std::char_traits<char>>::operator <<(float)'
  c:\program files (x86)\microsoft visual studio\2017\professional\vc\tools\msvc\14.16.27023\include\ostream(400): note: or       'std::basic_ostream<char,std::char_traits<char>> &std::basic_ostream<char,std::char_traits<char>>::operator <<(unsigned __int64)'
  c:\program files (x86)\microsoft visual studio\2017\professional\vc\tools\msvc\14.16.27023\include\ostream(380): note: or       'std::basic_ostream<char,std::char_traits<char>> &std::basic_ostream<char,std::char_traits<char>>::operator <<(__int64)'
  c:\program files (x86)\microsoft visual studio\2017\professional\vc\tools\msvc\14.16.27023\include\ostream(360): note: or       'std::basic_ostream<char,std::char_traits<char>> &std::basic_ostream<char,std::char_traits<char>>::operator <<(unsigned long)'
  c:\program files (x86)\microsoft visual studio\2017\professional\vc\tools\msvc\14.16.27023\include\ostream(340): note: or       'std::basic_ostream<char,std::char_traits<char>> &std::basic_ostream<char,std::char_traits<char>>::operator <<(long)'
  c:\program files (x86)\microsoft visual studio\2017\professional\vc\tools\msvc\14.16.27023\include\ostream(320): note: or       'std::basic_ostream<char,std::char_traits<char>> &std::basic_ostream<char,std::char_traits<char>>::operator <<(unsigned int)'
  c:\program files (x86)\microsoft visual studio\2017\professional\vc\tools\msvc\14.16.27023\include\ostream(295): note: or       'std::basic_ostream<char,std::char_traits<char>> &std::basic_ostream<char,std::char_traits<char>>::operator <<(int)'
  c:\program files (x86)\microsoft visual studio\2017\professional\vc\tools\msvc\14.16.27023\include\ostream(275): note: or       'std::basic_ostream<char,std::char_traits<char>> &std::basic_ostream<char,std::char_traits<char>>::operator <<(unsigned short)'
  c:\program files (x86)\microsoft visual studio\2017\professional\vc\tools\msvc\14.16.27023\include\ostream(241): note: or       'std::basic_ostream<char,std::char_traits<char>> &std::basic_ostream<char,std::char_traits<char>>::operator <<(short)'
  c:\program files (x86)\microsoft visual studio\2017\professional\vc\tools\msvc\14.16.27023\include\ostream(221): note: or       'std::basic_ostream<char,std::char_traits<char>> &std::basic_ostream<char,std::char_traits<char>>::operator <<(bool)'
  c:\program files (x86)\microsoft visual studio\2017\professional\vc\tools\msvc\14.16.27023\include\ostream(215): note: or       'std::basic_ostream<char,std::char_traits<char>> &std::basic_ostream<char,std::char_traits<char>>::operator <<(std::ios_base &(__cdecl *)(std::ios_base &))'
  c:\program files (x86)\microsoft visual studio\2017\professional\vc\tools\msvc\14.16.27023\include\ostream(209): note: or       'std::basic_ostream<char,std::char_traits<char>> &std::basic_ostream<char,std::char_traits<char>>::operator <<(std::basic_ios<char,std::char_traits<char>> &(__cdecl *)(std::basic_ios<char,std::char_traits<char>> &))'
  c:\program files (x86)\microsoft visual studio\2017\professional\vc\tools\msvc\14.16.27023\include\ostream(204): note: or       'std::basic_ostream<char,std::char_traits<char>> &std::basic_ostream<char,std::char_traits<char>>::operator <<(std::basic_ostream<char,std::char_traits<char>> &(__cdecl *)(std::basic_ostream<char,std::char_traits<char>> &))'
  c:\users\tisco\onedrive\ambiente de trabalho\projeto 2 prog\agency template all\agency.cpp(80): note: or       'std::ostream &operator <<(std::ostream &,const Agency &)'
  c:\users\tisco\onedrive\ambiente de trabalho\projeto 2 prog\agency template all\client.h(47): note: or       'std::ostream &operator <<(std::ostream &,const Client &)' [found using argument-dependent lookup]
  c:\program files (x86)\microsoft visual studio\2017\professional\vc\tools\msvc\14.16.27023\include\ostream(1047): note: or       'std::basic_ostream<char,std::char_traits<char>> &std::operator <<<char,std::char_traits<char>>(std::basic_ostream<char,std::char_traits<char>> &,const std::error_code &)'
  c:\program files (x86)\microsoft visual studio\2017\professional\vc\tools\msvc\14.16.27023\include\ostream(981): note: or       'std::basic_ostream<char,std::char_traits<char>> &std::operator <<<std::char_traits<char>>(std::basic_ostream<char,std::char_traits<char>> &,unsigned char)'
  c:\program files (x86)\microsoft visual studio\2017\professional\vc\tools\msvc\14.16.27023\include\ostream(974): note: or       'std::basic_ostream<char,std::char_traits<char>> &std::operator <<<std::char_traits<char>>(std::basic_ostream<char,std::char_traits<char>> &,const unsigned char *)'
  c:\program files (x86)\microsoft visual studio\2017\professional\vc\tools\msvc\14.16.27023\include\ostream(967): note: or       'std::basic_ostream<char,std::char_traits<char>> &std::operator <<<std::char_traits<char>>(std::basic_ostream<char,std::char_traits<char>> &,signed char)'
  c:\program files (x86)\microsoft visual studio\2017\professional\vc\tools\msvc\14.16.27023\include\ostream(960): note: or       'std::basic_ostream<char,std::char_traits<char>> &std::operator <<<std::char_traits<char>>(std::basic_ostream<char,std::char_traits<char>> &,const signed char *)'
  c:\program files (x86)\microsoft visual studio\2017\professional\vc\tools\msvc\14.16.27023\include\ostream(834): note: or       'std::basic_ostream<char,std::char_traits<char>> &std::operator <<<std::char_traits<char>>(std::basic_ostream<char,std::char_traits<char>> &,char)'
  c:\program files (x86)\microsoft visual studio\2017\professional\vc\tools\msvc\14.16.27023\include\ostream(787): note: or       'std::basic_ostream<char,std::char_traits<char>> &std::operator <<<std::char_traits<char>>(std::basic_ostream<char,std::char_traits<char>> &,const char *)'
  c:\program files (x86)\microsoft visual studio\2017\professional\vc\tools\msvc\14.16.27023\include\ostream(749): note: or       'std::basic_ostream<char,std::char_traits<char>> &std::operator <<<char,std::char_traits<char>>(std::basic_ostream<char,std::char_traits<char>> &,char)'
  c:\program files (x86)\microsoft visual studio\2017\professional\vc\tools\msvc\14.16.27023\include\ostream(702): note: or       'std::basic_ostream<char,std::char_traits<char>> &std::operator <<<char,std::char_traits<char>>(std::basic_ostream<char,std::char_traits<char>> &,const char *)'
  c:\users\tisco\onedrive\ambiente de trabalho\projeto 2 prog\agency template all\agency.cpp(82): note: while trying to match the argument list '(std::basic_ostream<char,std::char_traits<char>>, const std::vector<Client,std::allocator<_Ty>>)'
          with
          [
              _Ty=Client
          ]
  Client.cpp
c:\users\tisco\onedrive\ambiente de trabalho\projeto 2 prog\agency template all\client.cpp(87): error C2679: binary '<<': no operator found which takes a right-hand operand of type 'const std::vector<Packet,std::allocator<_Ty>>' (or there is no acceptable conversion)
          with
          [
              _Ty=Packet
          ]
  c:\program files (x86)\microsoft visual studio\2017\professional\vc\tools\msvc\14.16.27023\include\ostream(508): note: could be 'std::basic_ostream<char,std::char_traits<char>> &std::basic_ostream<char,std::char_traits<char>>::operator <<(std::basic_streambuf<char,std::char_traits<char>> *)'
  c:\program files (x86)\microsoft visual studio\2017\professional\vc\tools\msvc\14.16.27023\include\ostream(480): note: or       'std::basic_ostream<char,std::char_traits<char>> &std::basic_ostream<char,std::char_traits<char>>::operator <<(const void *)'
  c:\program files (x86)\microsoft visual studio\2017\professional\vc\tools\msvc\14.16.27023\include\ostream(460): note: or       'std::basic_ostream<char,std::char_traits<char>> &std::basic_ostream<char,std::char_traits<char>>::operator <<(long double)'
  c:\program files (x86)\microsoft visual studio\2017\professional\vc\tools\msvc\14.16.27023\include\ostream(440): note: or       'std::basic_ostream<char,std::char_traits<char>> &std::basic_ostream<char,std::char_traits<char>>::operator <<(double)'
  c:\program files (x86)\microsoft visual studio\2017\professional\vc\tools\msvc\14.16.27023\include\ostream(420): note: or       'std::basic_ostream<char,std::char_traits<char>> &std::basic_ostream<char,std::char_traits<char>>::operator <<(float)'
  c:\program files (x86)\microsoft visual studio\2017\professional\vc\tools\msvc\14.16.27023\include\ostream(400): note: or       'std::basic_ostream<char,std::char_traits<char>> &std::basic_ostream<char,std::char_traits<char>>::operator <<(unsigned __int64)'
  c:\program files (x86)\microsoft visual studio\2017\professional\vc\tools\msvc\14.16.27023\include\ostream(380): note: or       'std::basic_ostream<char,std::char_traits<char>> &std::basic_ostream<char,std::char_traits<char>>::operator <<(__int64)'
  c:\program files (x86)\microsoft visual studio\2017\professional\vc\tools\msvc\14.16.27023\include\ostream(360): note: or       'std::basic_ostream<char,std::char_traits<char>> &std::basic_ostream<char,std::char_traits<char>>::operator <<(unsigned long)'
  c:\program files (x86)\microsoft visual studio\2017\professional\vc\tools\msvc\14.16.27023\include\ostream(340): note: or       'std::basic_ostream<char,std::char_traits<char>> &std::basic_ostream<char,std::char_traits<char>>::operator <<(long)'
  c:\program files (x86)\microsoft visual studio\2017\professional\vc\tools\msvc\14.16.27023\include\ostream(320): note: or       'std::basic_ostream<char,std::char_traits<char>> &std::basic_ostream<char,std::char_traits<char>>::operator <<(unsigned int)'
  c:\program files (x86)\microsoft visual studio\2017\professional\vc\tools\msvc\14.16.27023\include\ostream(295): note: or       'std::basic_ostream<char,std::char_traits<char>> &std::basic_ostream<char,std::char_traits<char>>::operator <<(int)'
  c:\program files (x86)\microsoft visual studio\2017\professional\vc\tools\msvc\14.16.27023\include\ostream(275): note: or       'std::basic_ostream<char,std::char_traits<char>> &std::basic_ostream<char,std::char_traits<char>>::operator <<(unsigned short)'
  c:\program files (x86)\microsoft visual studio\2017\professional\vc\tools\msvc\14.16.27023\include\ostream(241): note: or       'std::basic_ostream<char,std::char_traits<char>> &std::basic_ostream<char,std::char_traits<char>>::operator <<(short)'
  c:\program files (x86)\microsoft visual studio\2017\professional\vc\tools\msvc\14.16.27023\include\ostream(221): note: or       'std::basic_ostream<char,std::char_traits<char>> &std::basic_ostream<char,std::char_traits<char>>::operator <<(bool)'
  c:\program files (x86)\microsoft visual studio\2017\professional\vc\tools\msvc\14.16.27023\include\ostream(215): note: or       'std::basic_ostream<char,std::char_traits<char>> &std::basic_ostream<char,std::char_traits<char>>::operator <<(std::ios_base &(__cdecl *)(std::ios_base &))'
  c:\program files (x86)\microsoft visual studio\2017\professional\vc\tools\msvc\14.16.27023\include\ostream(209): note: or       'std::basic_ostream<char,std::char_traits<char>> &std::basic_ostream<char,std::char_traits<char>>::operator <<(std::basic_ios<char,std::char_traits<char>> &(__cdecl *)(std::basic_ios<char,std::char_traits<char>> &))'
  c:\program files (x86)\microsoft visual studio\2017\professional\vc\tools\msvc\14.16.27023\include\ostream(204): note: or       'std::basic_ostream<char,std::char_traits<char>> &std::basic_ostream<char,std::char_traits<char>>::operator <<(std::basic_ostream<char,std::char_traits<char>> &(__cdecl *)(std::basic_ostream<char,std::char_traits<char>> &))'
  c:\users\tisco\onedrive\ambiente de trabalho\projeto 2 prog\agency template all\client.cpp(85): note: or       'std::ostream &operator <<(std::ostream &,const Client &)'
  c:\users\tisco\onedrive\ambiente de trabalho\projeto 2 prog\agency template all\packet.h(43): note: or       'std::ostream &operator <<(std::ostream &,const Packet &)' [found using argument-dependent lookup]
  c:\program files (x86)\microsoft visual studio\2017\professional\vc\tools\msvc\14.16.27023\include\ostream(1047): note: or       'std::basic_ostream<char,std::char_traits<char>> &std::operator <<<char,std::char_traits<char>>(std::basic_ostream<char,std::char_traits<char>> &,const std::error_code &)'
  c:\program files (x86)\microsoft visual studio\2017\professional\vc\tools\msvc\14.16.27023\include\ostream(981): note: or       'std::basic_ostream<char,std::char_traits<char>> &std::operator <<<std::char_traits<char>>(std::basic_ostream<char,std::char_traits<char>> &,unsigned char)'
  c:\program files (x86)\microsoft visual studio\2017\professional\vc\tools\msvc\14.16.27023\include\ostream(974): note: or       'std::basic_ostream<char,std::char_traits<char>> &std::operator <<<std::char_traits<char>>(std::basic_ostream<char,std::char_traits<char>> &,const unsigned char *)'
  c:\program files (x86)\microsoft visual studio\2017\professional\vc\tools\msvc\14.16.27023\include\ostream(967): note: or       'std::basic_ostream<char,std::char_traits<char>> &std::operator <<<std::char_traits<char>>(std::basic_ostream<char,std::char_traits<char>> &,signed char)'
  c:\program files (x86)\microsoft visual studio\2017\professional\vc\tools\msvc\14.16.27023\include\ostream(960): note: or       'std::basic_ostream<char,std::char_traits<char>> &std::operator <<<std::char_traits<char>>(std::basic_ostream<char,std::char_traits<char>> &,const signed char *)'
  c:\program files (x86)\microsoft visual studio\2017\professional\vc\tools\msvc\14.16.27023\include\ostream(834): note: or       'std::basic_ostream<char,std::char_traits<char>> &std::operator <<<std::char_traits<char>>(std::basic_ostream<char,std::char_traits<char>> &,char)'
  c:\program files (x86)\microsoft visual studio\2017\professional\vc\tools\msvc\14.16.27023\include\ostream(787): note: or       'std::basic_ostream<char,std::char_traits<char>> &std::operator <<<std::char_traits<char>>(std::basic_ostream<char,std::char_traits<char>> &,const char *)'
  c:\program files (x86)\microsoft visual studio\2017\professional\vc\tools\msvc\14.16.27023\include\ostream(749): note: or       'std::basic_ostream<char,std::char_traits<char>> &std::operator <<<char,std::char_traits<char>>(std::basic_ostream<char,std::char_traits<char>> &,char)'
  c:\program files (x86)\microsoft visual studio\2017\professional\vc\tools\msvc\14.16.27023\include\ostream(702): note: or       'std::basic_ostream<char,std::char_traits<char>> &std::operator <<<char,std::char_traits<char>>(std::basic_ostream<char,std::char_traits<char>> &,const char *)'
  c:\users\tisco\onedrive\ambiente de trabalho\projeto 2 prog\agency template all\client.cpp(87): note: while trying to match the argument list '(std::basic_ostream<char,std::char_traits<char>>, const std::vector<Packet,std::allocator<_Ty>>)'
          with
          [
              _Ty=Packet
          ]
  Packet.cpp
c:\users\tisco\onedrive\ambiente de trabalho\projeto 2 prog\agency template all\packet.cpp(84): error C2679: binary '<<': no operator found which takes a right-hand operand of type 'const std::vector<std::string,std::allocator<_Ty>>' (or there is no acceptable conversion)
          with
          [
              _Ty=std::string
          ]
  c:\program files (x86)\microsoft visual studio\2017\professional\vc\tools\msvc\14.16.27023\include\ostream(508): note: could be 'std::basic_ostream<char,std::char_traits<char>> &std::basic_ostream<char,std::char_traits<char>>::operator <<(std::basic_streambuf<char,std::char_traits<char>> *)'
  c:\program files (x86)\microsoft visual studio\2017\professional\vc\tools\msvc\14.16.27023\include\ostream(480): note: or       'std::basic_ostream<char,std::char_traits<char>> &std::basic_ostream<char,std::char_traits<char>>::operator <<(const void *)'
  c:\program files (x86)\microsoft visual studio\2017\professional\vc\tools\msvc\14.16.27023\include\ostream(460): note: or       'std::basic_ostream<char,std::char_traits<char>> &std::basic_ostream<char,std::char_traits<char>>::operator <<(long double)'
  c:\program files (x86)\microsoft visual studio\2017\professional\vc\tools\msvc\14.16.27023\include\ostream(440): note: or       'std::basic_ostream<char,std::char_traits<char>> &std::basic_ostream<char,std::char_traits<char>>::operator <<(double)'
  c:\program files (x86)\microsoft visual studio\2017\professional\vc\tools\msvc\14.16.27023\include\ostream(420): note: or       'std::basic_ostream<char,std::char_traits<char>> &std::basic_ostream<char,std::char_traits<char>>::operator <<(float)'
  c:\program files (x86)\microsoft visual studio\2017\professional\vc\tools\msvc\14.16.27023\include\ostream(400): note: or       'std::basic_ostream<char,std::char_traits<char>> &std::basic_ostream<char,std::char_traits<char>>::operator <<(unsigned __int64)'
  c:\program files (x86)\microsoft visual studio\2017\professional\vc\tools\msvc\14.16.27023\include\ostream(380): note: or       'std::basic_ostream<char,std::char_traits<char>> &std::basic_ostream<char,std::char_traits<char>>::operator <<(__int64)'
  c:\program files (x86)\microsoft visual studio\2017\professional\vc\tools\msvc\14.16.27023\include\ostream(360): note: or       'std::basic_ostream<char,std::char_traits<char>> &std::basic_ostream<char,std::char_traits<char>>::operator <<(unsigned long)'
  c:\program files (x86)\microsoft visual studio\2017\professional\vc\tools\msvc\14.16.27023\include\ostream(340): note: or       'std::basic_ostream<char,std::char_traits<char>> &std::basic_ostream<char,std::char_traits<char>>::operator <<(long)'
  c:\program files (x86)\microsoft visual studio\2017\professional\vc\tools\msvc\14.16.27023\include\ostream(320): note: or       'std::basic_ostream<char,std::char_traits<char>> &std::basic_ostream<char,std::char_traits<char>>::operator <<(unsigned int)'
  c:\program files (x86)\microsoft visual studio\2017\professional\vc\tools\msvc\14.16.27023\include\ostream(295): note: or       'std::basic_ostream<char,std::char_traits<char>> &std::basic_ostream<char,std::char_traits<char>>::operator <<(int)'
  c:\program files (x86)\microsoft visual studio\2017\professional\vc\tools\msvc\14.16.27023\include\ostream(275): note: or       'std::basic_ostream<char,std::char_traits<char>> &std::basic_ostream<char,std::char_traits<char>>::operator <<(unsigned short)'
  c:\program files (x86)\microsoft visual studio\2017\professional\vc\tools\msvc\14.16.27023\include\ostream(241): note: or       'std::basic_ostream<char,std::char_traits<char>> &std::basic_ostream<char,std::char_traits<char>>::operator <<(short)'
  c:\program files (x86)\microsoft visual studio\2017\professional\vc\tools\msvc\14.16.27023\include\ostream(221): note: or       'std::basic_ostream<char,std::char_traits<char>> &std::basic_ostream<char,std::char_traits<char>>::operator <<(bool)'
  c:\program files (x86)\microsoft visual studio\2017\professional\vc\tools\msvc\14.16.27023\include\ostream(215): note: or       'std::basic_ostream<char,std::char_traits<char>> &std::basic_ostream<char,std::char_traits<char>>::operator <<(std::ios_base &(__cdecl *)(std::ios_base &))'
  c:\program files (x86)\microsoft visual studio\2017\professional\vc\tools\msvc\14.16.27023\include\ostream(209): note: or       'std::basic_ostream<char,std::char_traits<char>> &std::basic_ostream<char,std::char_traits<char>>::operator <<(std::basic_ios<char,std::char_traits<char>> &(__cdecl *)(std::basic_ios<char,std::char_traits<char>> &))'
  c:\program files (x86)\microsoft visual studio\2017\professional\vc\tools\msvc\14.16.27023\include\ostream(204): note: or       'std::basic_ostream<char,std::char_traits<char>> &std::basic_ostream<char,std::char_traits<char>>::operator <<(std::basic_ostream<char,std::char_traits<char>> &(__cdecl *)(std::basic_ostream<char,std::char_traits<char>> &))'
  c:\users\tisco\onedrive\ambiente de trabalho\projeto 2 prog\agency template all\packet.cpp(82): note: or       'std::ostream &operator <<(std::ostream &,const Packet &)'
  c:\program files (x86)\microsoft visual studio\2017\professional\vc\tools\msvc\14.16.27023\include\ostream(1047): note: or       'std::basic_ostream<char,std::char_traits<char>> &std::operator <<<char,std::char_traits<char>>(std::basic_ostream<char,std::char_traits<char>> &,const std::error_code &)'
  c:\program files (x86)\microsoft visual studio\2017\professional\vc\tools\msvc\14.16.27023\include\ostream(981): note: or       'std::basic_ostream<char,std::char_traits<char>> &std::operator <<<std::char_traits<char>>(std::basic_ostream<char,std::char_traits<char>> &,unsigned char)'
  c:\program files (x86)\microsoft visual studio\2017\professional\vc\tools\msvc\14.16.27023\include\ostream(974): note: or       'std::basic_ostream<char,std::char_traits<char>> &std::operator <<<std::char_traits<char>>(std::basic_ostream<char,std::char_traits<char>> &,const unsigned char *)'
  c:\program files (x86)\microsoft visual studio\2017\professional\vc\tools\msvc\14.16.27023\include\ostream(967): note: or       'std::basic_ostream<char,std::char_traits<char>> &std::operator <<<std::char_traits<char>>(std::basic_ostream<char,std::char_traits<char>> &,signed char)'
  c:\program files (x86)\microsoft visual studio\2017\professional\vc\tools\msvc\14.16.27023\include\ostream(960): note: or       'std::basic_ostream<char,std::char_traits<char>> &std::operator <<<std::char_traits<char>>(std::basic_ostream<char,std::char_traits<char>> &,const signed char *)'
  c:\program files (x86)\microsoft visual studio\2017\professional\vc\tools\msvc\14.16.27023\include\ostream(834): note: or       'std::basic_ostream<char,std::char_traits<char>> &std::operator <<<std::char_traits<char>>(std::basic_ostream<char,std::char_traits<char>> &,char)'
  c:\program files (x86)\microsoft visual studio\2017\professional\vc\tools\msvc\14.16.27023\include\ostream(787): note: or       'std::basic_ostream<char,std::char_traits<char>> &std::operator <<<std::char_traits<char>>(std::basic_ostream<char,std::char_traits<char>> &,const char *)'
  c:\program files (x86)\microsoft visual studio\2017\professional\vc\tools\msvc\14.16.27023\include\ostream(749): note: or       'std::basic_ostream<char,std::char_traits<char>> &std::operator <<<char,std::char_traits<char>>(std::basic_ostream<char,std::char_traits<char>> &,char)'
  c:\program files (x86)\microsoft visual studio\2017\professional\vc\tools\msvc\14.16.27023\include\ostream(702): note: or       'std::basic_ostream<char,std::char_traits<char>> &std::operator <<<char,std::char_traits<char>>(std::basic_ostream<char,std::char_traits<char>> &,const char *)'
  c:\users\tisco\onedrive\ambiente de trabalho\projeto 2 prog\agency template all\packet.cpp(84): note: while trying to match the argument list '(std::basic_ostream<char,std::char_traits<char>>, const std::vector<std::string,std::allocator<_Ty>>)'
          with
          [
              _Ty=std::string
          ]
c:\users\tisco\onedrive\ambiente de trabalho\projeto 2 prog\agency template all\packet.cpp(85): error C2059: syntax error: '}'
  Generating Code...
